  LoginForm.cpp
D:\futbo\SUBD\SUBD\MatchEventsBatchForm.h(85,31): warning C4566: символ, представленный универсальным именем символа "\u2795", невозможно представить в текущей кодовой странице (1251)
  (компиляция исходного файла "LoginForm.cpp")
  
D:\futbo\SUBD\SUBD\AdminPanel.h(1493,33): warning C4566: символ, представленный универсальным именем символа "\U0001F680", невозможно представить в текущей кодовой странице (1251)
  (компиляция исходного файла "LoginForm.cpp")
  
D:\futbo\SUBD\SUBD\AdminPanel.h(2192,31): warning C4101: ex: неиспользованная локальная переменная
  (компиляция исходного файла "LoginForm.cpp")
  
D:\futbo\SUBD\SUBD\AdminPanel.h(2405,91): warning C4965: неявная упаковка целого числа 0; используйте nullptr или явное приведение типов
  (компиляция исходного файла "LoginForm.cpp")
  
D:\futbo\SUBD\SUBD\AdminPanel.h(2406,89): warning C4965: неявная упаковка целого числа 0; используйте nullptr или явное приведение типов
  (компиляция исходного файла "LoginForm.cpp")
  
D:\futbo\SUBD\SUBD\AdminPanel.h(2407,112): warning C4965: неявная упаковка целого числа 0; используйте nullptr или явное приведение типов
  (компиляция исходного файла "LoginForm.cpp")
  
D:\futbo\SUBD\SUBD\AdminPanel.h(2413,91): warning C4965: неявная упаковка целого числа 0; используйте nullptr или явное приведение типов
  (компиляция исходного файла "LoginForm.cpp")
  
D:\futbo\SUBD\SUBD\AdminPanel.h(2414,89): warning C4965: неявная упаковка целого числа 0; используйте nullptr или явное приведение типов
  (компиляция исходного файла "LoginForm.cpp")
  
D:\futbo\SUBD\SUBD\AdminPanel.h(2415,112): warning C4965: неявная упаковка целого числа 0; используйте nullptr или явное приведение типов
  (компиляция исходного файла "LoginForm.cpp")
  
D:\futbo\SUBD\SUBD\AdminPanel.h(2456,91): warning C4965: неявная упаковка целого числа 0; используйте nullptr или явное приведение типов
  (компиляция исходного файла "LoginForm.cpp")
  
D:\futbo\SUBD\SUBD\AdminPanel.h(2457,112): warning C4965: неявная упаковка целого числа 0; используйте nullptr или явное приведение типов
  (компиляция исходного файла "LoginForm.cpp")
  
D:\futbo\SUBD\SUBD\AdminPanel.h(2463,91): warning C4965: неявная упаковка целого числа 0; используйте nullptr или явное приведение типов
  (компиляция исходного файла "LoginForm.cpp")
  
D:\futbo\SUBD\SUBD\AdminPanel.h(2464,112): warning C4965: неявная упаковка целого числа 0; используйте nullptr или явное приведение типов
  (компиляция исходного файла "LoginForm.cpp")
  
D:\futbo\SUBD\SUBD\LoginForm.h(117,47): warning C4566: символ, представленный универсальным именем символа "\u25CF", невозможно представить в текущей кодовой странице (1251)
  (компиляция исходного файла "LoginForm.cpp")
  
  MyForm.cpp
D:\futbo\SUBD\SUBD\MatchEventsBatchForm.h(85,31): warning C4566: символ, представленный универсальным именем символа "\u2795", невозможно представить в текущей кодовой странице (1251)
  (компиляция исходного файла "MyForm.cpp")
  
D:\futbo\SUBD\SUBD\AdminPanel.h(1493,33): warning C4566: символ, представленный универсальным именем символа "\U0001F680", невозможно представить в текущей кодовой странице (1251)
  (компиляция исходного файла "MyForm.cpp")
  
D:\futbo\SUBD\SUBD\AdminPanel.h(2192,31): warning C4101: ex: неиспользованная локальная переменная
  (компиляция исходного файла "MyForm.cpp")
  
D:\futbo\SUBD\SUBD\AdminPanel.h(2405,91): warning C4965: неявная упаковка целого числа 0; используйте nullptr или явное приведение типов
  (компиляция исходного файла "MyForm.cpp")
  
D:\futbo\SUBD\SUBD\AdminPanel.h(2406,89): warning C4965: неявная упаковка целого числа 0; используйте nullptr или явное приведение типов
  (компиляция исходного файла "MyForm.cpp")
  
D:\futbo\SUBD\SUBD\AdminPanel.h(2407,112): warning C4965: неявная упаковка целого числа 0; используйте nullptr или явное приведение типов
  (компиляция исходного файла "MyForm.cpp")
  
D:\futbo\SUBD\SUBD\AdminPanel.h(2413,91): warning C4965: неявная упаковка целого числа 0; используйте nullptr или явное приведение типов
  (компиляция исходного файла "MyForm.cpp")
  
D:\futbo\SUBD\SUBD\AdminPanel.h(2414,89): warning C4965: неявная упаковка целого числа 0; используйте nullptr или явное приведение типов
  (компиляция исходного файла "MyForm.cpp")
  
D:\futbo\SUBD\SUBD\AdminPanel.h(2415,112): warning C4965: неявная упаковка целого числа 0; используйте nullptr или явное приведение типов
  (компиляция исходного файла "MyForm.cpp")
  
D:\futbo\SUBD\SUBD\AdminPanel.h(2456,91): warning C4965: неявная упаковка целого числа 0; используйте nullptr или явное приведение типов
  (компиляция исходного файла "MyForm.cpp")
  
D:\futbo\SUBD\SUBD\AdminPanel.h(2457,112): warning C4965: неявная упаковка целого числа 0; используйте nullptr или явное приведение типов
  (компиляция исходного файла "MyForm.cpp")
  
D:\futbo\SUBD\SUBD\AdminPanel.h(2463,91): warning C4965: неявная упаковка целого числа 0; используйте nullptr или явное приведение типов
  (компиляция исходного файла "MyForm.cpp")
  
D:\futbo\SUBD\SUBD\AdminPanel.h(2464,112): warning C4965: неявная упаковка целого числа 0; используйте nullptr или явное приведение типов
  (компиляция исходного файла "MyForm.cpp")
  
D:\futbo\SUBD\SUBD\LoginForm.h(117,47): warning C4566: символ, представленный универсальным именем символа "\u25CF", невозможно представить в текущей кодовой странице (1251)
  (компиляция исходного файла "MyForm.cpp")
  
D:\futbo\SUBD\SUBD\MyForm.cpp(11,1): warning C4829: Возможно, неправильные параметры функции main. Рекомендуемый вариант - "int main(Platform::Array<Platform::String^>^ argv)"
D:\futbo\SUBD\SUBD\MyForm.cpp(12,18): warning C4551: в вызове функции отсутствует список аргументов
  Создание кода...
  AdminPanel.obj : обнаружен модуль MSIL; для MSIL последовательная компоновка отключена; выполняется полная компоновка
  SUBD.vcxproj -> D:\futbo\SUBD\x64\Debug\SUBD.exe
