d:\futbo\subd\subd\x64\debug\vc143.pdb
d:\futbo\subd\subd\x64\debug\.netframework,version=v4.7.2.assemblyattributes.obj
d:\futbo\subd\subd\x64\debug\myform.obj
d:\futbo\subd\subd\x64\debug\loginform.obj
d:\futbo\subd\subd\x64\debug\dobavit.obj
d:\futbo\subd\subd\x64\debug\adminpanel.obj
d:\futbo\subd\x64\debug\subd.exe
d:\futbo\subd\subd\x64\debug\subd.vcxproj.assemblyreference.cache
d:\futbo\subd\subd\x64\debug\subd.vcxproj.generateresource.cache
d:\futbo\subd\subd\x64\debug\subd.adminpanel.resources
d:\futbo\subd\subd\x64\debug\subd.loginform.resources
d:\futbo\subd\subd\x64\debug\subd.myform.resources
d:\futbo\subd\x64\debug\subd.pdb
d:\futbo\subd\subd\x64\debug\subd.tlog\cl.command.1.tlog
d:\futbo\subd\subd\x64\debug\subd.tlog\cl.read.1.tlog
d:\futbo\subd\subd\x64\debug\subd.tlog\cl.write.1.tlog
d:\futbo\subd\subd\x64\debug\subd.tlog\link.1088-cvtres.read.1.tlog
d:\futbo\subd\subd\x64\debug\subd.tlog\link.1088-cvtres.write.1.tlog
d:\futbo\subd\subd\x64\debug\subd.tlog\link.1088-rc.read.1.tlog
d:\futbo\subd\subd\x64\debug\subd.tlog\link.1088-rc.write.1.tlog
d:\futbo\subd\subd\x64\debug\subd.tlog\link.1088.read.1.tlog
d:\futbo\subd\subd\x64\debug\subd.tlog\link.1088.read.2.tlog
d:\futbo\subd\subd\x64\debug\subd.tlog\link.1088.write.1.tlog
d:\futbo\subd\subd\x64\debug\subd.tlog\link.12832-cvtres.read.1.tlog
d:\futbo\subd\subd\x64\debug\subd.tlog\link.12832-cvtres.write.1.tlog
d:\futbo\subd\subd\x64\debug\subd.tlog\link.12832-rc.read.1.tlog
d:\futbo\subd\subd\x64\debug\subd.tlog\link.12832-rc.write.1.tlog
d:\futbo\subd\subd\x64\debug\subd.tlog\link.12832.read.1.tlog
d:\futbo\subd\subd\x64\debug\subd.tlog\link.12832.read.2.tlog
d:\futbo\subd\subd\x64\debug\subd.tlog\link.12832.write.1.tlog
d:\futbo\subd\subd\x64\debug\subd.tlog\link.19232-cvtres.read.1.tlog
d:\futbo\subd\subd\x64\debug\subd.tlog\link.19232-cvtres.write.1.tlog
d:\futbo\subd\subd\x64\debug\subd.tlog\link.19232-rc.read.1.tlog
d:\futbo\subd\subd\x64\debug\subd.tlog\link.19232-rc.write.1.tlog
d:\futbo\subd\subd\x64\debug\subd.tlog\link.19232.read.1.tlog
d:\futbo\subd\subd\x64\debug\subd.tlog\link.19232.read.3.tlog
d:\futbo\subd\subd\x64\debug\subd.tlog\link.19232.write.1.tlog
d:\futbo\subd\subd\x64\debug\subd.tlog\link.command.1.tlog
d:\futbo\subd\subd\x64\debug\subd.tlog\link.read.1.tlog
d:\futbo\subd\subd\x64\debug\subd.tlog\link.read.2.tlog
d:\futbo\subd\subd\x64\debug\subd.tlog\link.read.3.tlog
d:\futbo\subd\subd\x64\debug\subd.tlog\link.write.1.tlog
d:\futbo\subd\subd\x64\debug\subd.tlog\metagen.read.1.tlog
d:\futbo\subd\subd\x64\debug\subd.tlog\metagen.write.1.tlog
d:\futbo\subd\subd\x64\debug\subd.tlog\resgen.command.1.tlog
d:\futbo\subd\subd\x64\debug\subd.tlog\resgen.read.1.tlog
d:\futbo\subd\subd\x64\debug\subd.tlog\resgen.write.1.tlog
